<?xml version="1.0" encoding="UTF-8"?>
<!-- Generated by org.testng.reporters.JUnitXMLReporter -->
<testsuite ignored="0" hostname="DESKTOP-JN0R6OU" failures="0" tests="3" name="/src/test/java/" time="26.476" errors="0" timestamp="2022-12-23T12:35:46 PST">
  <testcase classname="PageTests" name="verifyHomePageElements" time="8.313"/>
  <testcase classname="PageTests" name="addAndDeleteProductFromCart" time="4.933"/>
  <testcase classname="PageTests" name="addMultipleProductsAndCheckPrice" time="12.95"/>
</testsuite> <!-- /src/test/java/ -->
